[Appium] Welcome to Appium v2.1.3
[Appium] Non-default server args:
[Appium] { loglevel: [32m'info'[39m, port: [33m63013[39m }
[Appium] Attempting to load driver xcuitest...
[Appium] Attempting to load driver uiautomator2...
[Appium] Appium REST http interface listener started on http://0.0.0.0:63013
[Appium] You can provide the following URLs in your client code to connect to this server:
[Appium] 	http://127.0.0.1:63013/ (only accessible from the same host)
[Appium] 	http://10.10.34.123:63013/
[Appium] Available drivers:
[Appium]   - xcuitest@5.0.0 (automationName 'XCUITest')
[Appium]   - uiautomator2@2.29.6 (automationName 'UiAutomator2')
[Appium] No plugins have been installed. Use the "appium plugin" command to install the one(s) you want to use.
[38;5;0m[HTTP][0m --> GET /status
[38;5;0m[HTTP][0m {}
[38;5;0m[HTTP][0m <-- GET /status 200 10 ms - 110
[38;5;0m[HTTP][0m 
[38;5;0m[HTTP][0m --> GET /status
[38;5;0m[HTTP][0m {}
[38;5;0m[HTTP][0m <-- GET /status 200 2 ms - 110
[38;5;0m[HTTP][0m 
[38;5;0m[HTTP][0m --> POST /session
[38;5;0m[HTTP][0m {"desiredCapabilities":{"appium:systemPort":63074,"appium:newCommandTimeout":1800,"appium:platform":"ANDROID","appium:automationName":"uiautomator2","appium:fullReset":false,"appium:platformVersion":"11","appium:noReset":true,"appium:udid":"emulator-5554","appium:autoGrantPermissions":true,"appium:deviceName":"emulator-5554 (sdk_gphone_x86_64_arm64 - Android 11)","platformName":"Android","appium:app":"/Users/khang.dang/Library/CloudStorage/GoogleDrive-khang.dang@katalon.com/My Drive/ApiDemos.apk"},"capabilities":{"firstMatch":[{"appium:app":"/Users/khang.dang/Library/CloudStorage/GoogleDrive-khang.dang@katalon.com/My Drive/ApiDemos.apk","appium:autoGrantPermissions":true,"appium:automationName":"uiautomator2","appium:deviceName":"emulator-5554 (sdk_gphone_x86_64_arm64 - Android 11)","appium:fullReset":false,"appium:newCommandTimeout":1800,"appium:noReset":true,"appium:platform":"ANDROID","appium:platformVersion":"11","appium:systemPort":63074,"appium:udid":"emulator-5554","platformName":"android"}]}}
[Appium] Attempting to find matching driver for automationName 'uiautomator2' and platformName 'android'
[Appium] The 'uiautomator2' driver was installed and matched caps.
[Appium] Will require it at /Users/khang.dang/.appium/node_modules/appium-uiautomator2-driver
[38;5;16m[AppiumDriver@5a9d][0m Appium v2.1.3 creating new AndroidUiautomator2Driver (v2.29.6) session
[38;5;16m[AppiumDriver@5a9d][0m Checking BaseDriver versions for Appium and AndroidUiautomator2Driver
[38;5;16m[AppiumDriver@5a9d][0m Appium's BaseDriver version is 9.3.20
[38;5;16m[AppiumDriver@5a9d][0m AndroidUiautomator2Driver's BaseDriver version is 9.3.20
[38;5;32m[AndroidUiautomator2Driver@9089][0m The following capabilities were provided, but are not recognized by Appium:
[38;5;32m[AndroidUiautomator2Driver@9089][0m   deviceName
[38;5;32m[AndroidUiautomator2Driver@9089][0m   platform
[38;5;32m[AndroidUiautomator2Driver@9089 (faa21bc0)][0m Session created with session id: faa21bc0-61d7-41bd-a38b-d6a8f5e13fc4
[38;5;48m[BaseDriver][0m Using local app '/Users/khang.dang/Library/CloudStorage/GoogleDrive-khang.dang@katalon.com/My Drive/ApiDemos.apk'
[38;5;64m[ADB][0m Found 1 'build-tools' folders under '/Users/khang.dang/.katalon/tools/android_sdk' (newest first):
[38;5;64m[ADB][0m     /Users/khang.dang/.katalon/tools/android_sdk/build-tools/29.0.3
[38;5;64m[ADB][0m Using 'adb' from '/Users/khang.dang/.katalon/tools/android_sdk/platform-tools/adb'
[38;5;80m[AndroidDriver][0m Retrieving device list
[38;5;80m[AndroidDriver][0m Using device: emulator-5554
[38;5;64m[ADB][0m Using 'adb' from '/Users/khang.dang/.katalon/tools/android_sdk/platform-tools/adb'
[38;5;64m[ADB][0m Getting device platform version
[38;5;32m[AndroidUiautomator2Driver@9089 (faa21bc0)][0m Relaxing hidden api policy
[38;5;64m[ADB][0m Package name: 'io.appium.android.apis'
[38;5;64m[ADB][0m Main activity name: 'io.appium.android.apis.ApiDemos'
[38;5;64m[ADB][0m Using 'apksigner.jar' from '/Users/khang.dang/.katalon/tools/android_sdk/build-tools/29.0.3/lib/apksigner.jar'
[38;5;64m[ADB][0m '/Users/khang.dang/.appium/node_modules/appium-uiautomator2-driver/node_modules/appium-uiautomator2-server/apks/appium-uiautomator2-server-debug-androidTest.apk' is signed with the default certificate
[38;5;64m[ADB][0m '/Users/khang.dang/.appium/node_modules/appium-uiautomator2-driver/node_modules/appium-uiautomator2-server/apks/appium-uiautomator2-server-v5.12.5.apk' is signed with the default certificate
[38;5;32m[AndroidUiautomator2Driver@9089 (faa21bc0)][0m Server packages are not going to be (re)installed
[38;5;64m[ADB][0m Adding packages ["io.appium.settings","io.appium.uiautomator2.server","io.appium.uiautomator2.server.test"] to Doze whitelist
[38;5;64m[ADB][0m '/Users/khang.dang/Library/CloudStorage/GoogleDrive-khang.dang@katalon.com/My Drive/ApiDemos.apk' is signed with the default certificate
[38;5;64m[ADB][0m The application at '/Users/khang.dang/Library/CloudStorage/GoogleDrive-khang.dang@katalon.com/My Drive/ApiDemos.apk' will not be cached, because the device under test has confirmed the support of streamed installs
[38;5;64m[ADB][0m The installation of 'ApiDemos.apk' took 1230ms
[38;5;32m[AndroidUiautomator2Driver@9089 (faa21bc0)][0m Starting UIAutomator2 server 5.12.5
[38;5;32m[AndroidUiautomator2Driver@9089 (faa21bc0)][0m Using UIAutomator2 server from '/Users/khang.dang/.appium/node_modules/appium-uiautomator2-driver/node_modules/appium-uiautomator2-server/apks/appium-uiautomator2-server-v5.12.5.apk' and test from '/Users/khang.dang/.appium/node_modules/appium-uiautomator2-driver/node_modules/appium-uiautomator2-server/apks/appium-uiautomator2-server-debug-androidTest.apk'
[38;5;32m[AndroidUiautomator2Driver@9089 (faa21bc0)][0m Waiting up to 30000ms for UiAutomator2 to be online...
[38;5;32m[AndroidUiautomator2Driver@9089 (faa21bc0)][0m socket hang up
[38;5;32m[AndroidUiautomator2Driver@9089 (faa21bc0)][0m socket hang up
[38;5;32m[AndroidUiautomator2Driver@9089 (faa21bc0)][0m socket hang up
[38;5;32m[AndroidUiautomator2Driver@9089 (faa21bc0)][0m socket hang up
[38;5;32m[AndroidUiautomator2Driver@9089 (faa21bc0)][0m socket hang up
[38;5;32m[AndroidUiautomator2Driver@9089 (faa21bc0)][0m socket hang up
[38;5;32m[AndroidUiautomator2Driver@9089 (faa21bc0)][0m socket hang up
[38;5;32m[AndroidUiautomator2Driver@9089 (faa21bc0)][0m socket hang up
[38;5;32m[AndroidUiautomator2Driver@9089 (faa21bc0)][0m socket hang up
[38;5;32m[AndroidUiautomator2Driver@9089 (faa21bc0)][0m socket hang up
[38;5;32m[AndroidUiautomator2Driver@9089 (faa21bc0)][0m socket hang up
[38;5;32m[AndroidUiautomator2Driver@9089 (faa21bc0)][0m socket hang up
[38;5;32m[AndroidUiautomator2Driver@9089 (faa21bc0)][0m socket hang up
[38;5;32m[AndroidUiautomator2Driver@9089 (faa21bc0)][0m socket hang up
[38;5;32m[AndroidUiautomator2Driver@9089 (faa21bc0)][0m Determined the downstream protocol as 'W3C'
[38;5;80m[AndroidDriver][0m Screen already unlocked, doing nothing
[38;5;32m[AndroidUiautomator2Driver@9089 (faa21bc0)][0m Starting 'io.appium.android.apis/io.appium.android.apis.ApiDemos and waiting for 'io.appium.android.apis/io.appium.android.apis.ApiDemos'
[38;5;16m[AppiumDriver@5a9d][0m New AndroidUiautomator2Driver session created successfully, session faa21bc0-61d7-41bd-a38b-d6a8f5e13fc4 added to master session list
[38;5;0m[HTTP][0m <-- POST /session 200 26591 ms - 1342
[38;5;0m[HTTP][0m 
[38;5;0m[HTTP][0m --> GET /session/faa21bc0-61d7-41bd-a38b-d6a8f5e13fc4
[38;5;0m[HTTP][0m {}
[38;5;0m[HTTP][0m <-- GET /session/faa21bc0-61d7-41bd-a38b-d6a8f5e13fc4 200 19 ms - 1296
[38;5;0m[HTTP][0m 
[38;5;0m[HTTP][0m --> GET /session/faa21bc0-61d7-41bd-a38b-d6a8f5e13fc4
[38;5;0m[HTTP][0m {}
[38;5;0m[HTTP][0m <-- GET /session/faa21bc0-61d7-41bd-a38b-d6a8f5e13fc4 200 16 ms - 1296
[38;5;0m[HTTP][0m 
[38;5;0m[HTTP][0m --> GET /status
[38;5;0m[HTTP][0m {}
[38;5;0m[HTTP][0m <-- GET /status 200 1 ms - 110
[38;5;0m[HTTP][0m 
[38;5;0m[HTTP][0m --> POST /session/faa21bc0-61d7-41bd-a38b-d6a8f5e13fc4/timeouts
[38;5;0m[HTTP][0m {"implicit":60000}
[38;5;0m[HTTP][0m <-- POST /session/faa21bc0-61d7-41bd-a38b-d6a8f5e13fc4/timeouts 200 3 ms - 14
[38;5;0m[HTTP][0m 
[38;5;0m[HTTP][0m --> GET /session/faa21bc0-61d7-41bd-a38b-d6a8f5e13fc4/source
[38;5;0m[HTTP][0m {}
[38;5;32m[AndroidUiautomator2Driver@9089 (faa21bc0)][0m Driver proxy active, passing request on via HTTP proxy
[38;5;32m[AndroidUiautomator2Driver@9089 (faa21bc0)][0m Replacing sessionId 87f3910e-ddd6-4ca9-9dfb-fc84e380282a with faa21bc0-61d7-41bd-a38b-d6a8f5e13fc4
[38;5;0m[HTTP][0m <-- GET /session/faa21bc0-61d7-41bd-a38b-d6a8f5e13fc4/source 200 300 ms - 8575
[38;5;0m[HTTP][0m 
[38;5;0m[HTTP][0m --> GET /session/faa21bc0-61d7-41bd-a38b-d6a8f5e13fc4/screenshot
[38;5;0m[HTTP][0m {}
[38;5;0m[HTTP][0m <-- GET /session/faa21bc0-61d7-41bd-a38b-d6a8f5e13fc4/screenshot 200 776 ms - 99536
[38;5;0m[HTTP][0m 
[38;5;0m[HTTP][0m --> POST /session/faa21bc0-61d7-41bd-a38b-d6a8f5e13fc4/elements
[38;5;0m[HTTP][0m {"using":"xpath","value":"//*[@class = 'android.widget.TextView' and (@text = concat(\"Access\" , \"'\" , \"ibility\") or . = concat(\"Access\" , \"'\" , \"ibility\")) and @resource-id = 'android:id/text1']"}
[38;5;0m[HTTP][0m <-- POST /session/faa21bc0-61d7-41bd-a38b-d6a8f5e13fc4/elements 200 1175 ms - 139
[38;5;0m[HTTP][0m 
[38;5;0m[HTTP][0m --> GET /session/faa21bc0-61d7-41bd-a38b-d6a8f5e13fc4/window/rect
[38;5;0m[HTTP][0m {}
[38;5;0m[HTTP][0m <-- GET /session/faa21bc0-61d7-41bd-a38b-d6a8f5e13fc4/window/rect 200 27 ms - 50
[38;5;0m[HTTP][0m 
[38;5;0m[HTTP][0m --> POST /session/faa21bc0-61d7-41bd-a38b-d6a8f5e13fc4/elements
[38;5;0m[HTTP][0m {"using":"xpath","value":"//*[@class = 'android.widget.TextView' and (@text = concat(\"Access\" , \"'\" , \"ibility\") or . = concat(\"Access\" , \"'\" , \"ibility\")) and @resource-id = 'android:id/text1']"}
[38;5;0m[HTTP][0m <-- POST /session/faa21bc0-61d7-41bd-a38b-d6a8f5e13fc4/elements 200 266 ms - 139
[38;5;0m[HTTP][0m 
[38;5;0m[HTTP][0m --> GET /session/faa21bc0-61d7-41bd-a38b-d6a8f5e13fc4/element/00000000-0000-000b-ffff-ffff00000009/location
[38;5;0m[HTTP][0m {}
[38;5;32m[AndroidUiautomator2Driver@9089 (faa21bc0)][0m Driver proxy active, passing request on via HTTP proxy
[38;5;32m[AndroidUiautomator2Driver@9089 (faa21bc0)][0m Replacing sessionId 87f3910e-ddd6-4ca9-9dfb-fc84e380282a with faa21bc0-61d7-41bd-a38b-d6a8f5e13fc4
[38;5;0m[HTTP][0m <-- GET /session/faa21bc0-61d7-41bd-a38b-d6a8f5e13fc4/element/00000000-0000-000b-ffff-ffff00000009/location 200 75 ms - 76
[38;5;0m[HTTP][0m 
[38;5;0m[HTTP][0m --> POST /session/faa21bc0-61d7-41bd-a38b-d6a8f5e13fc4/element/00000000-0000-000b-ffff-ffff00000009/click
[38;5;0m[HTTP][0m {"id":"00000000-0000-000b-ffff-ffff00000009"}
[38;5;0m[HTTP][0m <-- POST /session/faa21bc0-61d7-41bd-a38b-d6a8f5e13fc4/element/00000000-0000-000b-ffff-ffff00000009/click 200 867 ms - 14
[38;5;0m[HTTP][0m 
[38;5;0m[HTTP][0m --> GET /session/faa21bc0-61d7-41bd-a38b-d6a8f5e13fc4/source
[38;5;0m[HTTP][0m {}
[38;5;32m[AndroidUiautomator2Driver@9089 (faa21bc0)][0m Driver proxy active, passing request on via HTTP proxy
[38;5;32m[AndroidUiautomator2Driver@9089 (faa21bc0)][0m Replacing sessionId 87f3910e-ddd6-4ca9-9dfb-fc84e380282a with faa21bc0-61d7-41bd-a38b-d6a8f5e13fc4
[38;5;0m[HTTP][0m <-- GET /session/faa21bc0-61d7-41bd-a38b-d6a8f5e13fc4/source 200 243 ms - 5151
[38;5;0m[HTTP][0m 
[38;5;0m[HTTP][0m --> GET /session/faa21bc0-61d7-41bd-a38b-d6a8f5e13fc4/screenshot
[38;5;0m[HTTP][0m {}
[38;5;0m[HTTP][0m <-- GET /session/faa21bc0-61d7-41bd-a38b-d6a8f5e13fc4/screenshot 200 873 ms - 86072
[38;5;0m[HTTP][0m 
[38;5;0m[HTTP][0m --> POST /session/faa21bc0-61d7-41bd-a38b-d6a8f5e13fc4/elements
[38;5;0m[HTTP][0m {"using":"xpath","value":"//*[@class = 'android.widget.TextView' and (@text = 'Accessibility Node Provider' or . = 'Accessibility Node Provider') and @resource-id = 'android:id/text1']"}
[38;5;0m[HTTP][0m <-- POST /session/faa21bc0-61d7-41bd-a38b-d6a8f5e13fc4/elements 200 100 ms - 139
[38;5;0m[HTTP][0m 
[38;5;0m[HTTP][0m --> GET /session/faa21bc0-61d7-41bd-a38b-d6a8f5e13fc4/window/rect
[38;5;0m[HTTP][0m {}
[38;5;0m[HTTP][0m <-- GET /session/faa21bc0-61d7-41bd-a38b-d6a8f5e13fc4/window/rect 200 23 ms - 50
[38;5;0m[HTTP][0m 
[38;5;0m[HTTP][0m --> POST /session/faa21bc0-61d7-41bd-a38b-d6a8f5e13fc4/elements
[38;5;0m[HTTP][0m {"using":"xpath","value":"//*[@class = 'android.widget.TextView' and (@text = 'Accessibility Node Provider' or . = 'Accessibility Node Provider') and @resource-id = 'android:id/text1']"}
[38;5;0m[HTTP][0m <-- POST /session/faa21bc0-61d7-41bd-a38b-d6a8f5e13fc4/elements 200 101 ms - 139
[38;5;0m[HTTP][0m 
[38;5;0m[HTTP][0m --> GET /session/faa21bc0-61d7-41bd-a38b-d6a8f5e13fc4/element/00000000-0000-000c-ffff-ffff0000001f/location
[38;5;0m[HTTP][0m {}
[38;5;32m[AndroidUiautomator2Driver@9089 (faa21bc0)][0m Driver proxy active, passing request on via HTTP proxy
[38;5;32m[AndroidUiautomator2Driver@9089 (faa21bc0)][0m Replacing sessionId 87f3910e-ddd6-4ca9-9dfb-fc84e380282a with faa21bc0-61d7-41bd-a38b-d6a8f5e13fc4
[38;5;0m[HTTP][0m <-- GET /session/faa21bc0-61d7-41bd-a38b-d6a8f5e13fc4/element/00000000-0000-000c-ffff-ffff0000001f/location 200 34 ms - 76
[38;5;0m[HTTP][0m 
[38;5;0m[HTTP][0m --> POST /session/faa21bc0-61d7-41bd-a38b-d6a8f5e13fc4/element/00000000-0000-000c-ffff-ffff0000001f/click
[38;5;0m[HTTP][0m {"id":"00000000-0000-000c-ffff-ffff0000001f"}
[38;5;0m[HTTP][0m <-- POST /session/faa21bc0-61d7-41bd-a38b-d6a8f5e13fc4/element/00000000-0000-000c-ffff-ffff0000001f/click 200 1128 ms - 14
[38;5;0m[HTTP][0m 
[38;5;0m[HTTP][0m --> GET /session/faa21bc0-61d7-41bd-a38b-d6a8f5e13fc4/source
[38;5;0m[HTTP][0m {}
[38;5;32m[AndroidUiautomator2Driver@9089 (faa21bc0)][0m Driver proxy active, passing request on via HTTP proxy
[38;5;32m[AndroidUiautomator2Driver@9089 (faa21bc0)][0m Replacing sessionId 87f3910e-ddd6-4ca9-9dfb-fc84e380282a with faa21bc0-61d7-41bd-a38b-d6a8f5e13fc4
[38;5;0m[HTTP][0m <-- GET /session/faa21bc0-61d7-41bd-a38b-d6a8f5e13fc4/source 200 65 ms - 4237
[38;5;0m[HTTP][0m 
[38;5;0m[HTTP][0m --> GET /session/faa21bc0-61d7-41bd-a38b-d6a8f5e13fc4/screenshot
[38;5;0m[HTTP][0m {}
[38;5;0m[HTTP][0m <-- GET /session/faa21bc0-61d7-41bd-a38b-d6a8f5e13fc4/screenshot 200 417 ms - 71992
[38;5;0m[HTTP][0m 
[38;5;0m[HTTP][0m --> DELETE /session/faa21bc0-61d7-41bd-a38b-d6a8f5e13fc4
[38;5;0m[HTTP][0m {}
[38;5;16m[AppiumDriver@5a9d][0m Removing session faa21bc0-61d7-41bd-a38b-d6a8f5e13fc4 from our master session list
[38;5;32m[AndroidUiautomator2Driver@9089 (faa21bc0)][0m Restoring hidden api policy to the device default configuration
[38;5;0m[HTTP][0m <-- DELETE /session/faa21bc0-61d7-41bd-a38b-d6a8f5e13fc4 200 255 ms - 14
[38;5;0m[HTTP][0m 
